============================= test session starts =============================
platform win32 -- Python 3.13.12, pytest-9.0.2, pluggy-1.6.0
rootdir: C:\Users\kai99\Desktop\pr1
configfile: pyproject.toml
plugins: anyio-4.12.1
collected 47 items / 2 errors

=================================== ERRORS ====================================
__________________ ERROR collecting tests/test_metabolism.py __________________
ImportError while importing test module 'C:\Users\kai99\Desktop\pr1\tests\test_metabolism.py'.
Hint: make sure your test modules/packages have valid Python names.
Traceback:
C:\Program Files\WindowsApps\PythonSoftwareFoundation.Python.3.13_3.13.3312.0_x64__qbz5n2kfra8p0\Lib\importlib\__init__.py:88: in import_module
    return _bootstrap._gcd_import(name[level:], package, level)
           ^^^^^^^^^^^^^^^^^^^^^^^^^^^^^^^^^^^^^^^^^^^^^^^^^^^^
tests\test_metabolism.py:7: in <module>
    from habitat_genome_compiler.models import CandidateProgram, EnvironmentProfile, MissionSpec
E   ImportError: cannot import name 'EnvironmentProfile' from 'habitat_genome_compiler.models' (C:\Users\kai99\Desktop\pr1\src\habitat_genome_compiler\models.py)
________________ ERROR collecting tests/test_sustainability.py ________________
ImportError while importing test module 'C:\Users\kai99\Desktop\pr1\tests\test_sustainability.py'.
Hint: make sure your test modules/packages have valid Python names.
Traceback:
C:\Program Files\WindowsApps\PythonSoftwareFoundation.Python.3.13_3.13.3312.0_x64__qbz5n2kfra8p0\Lib\importlib\__init__.py:88: in import_module
    return _bootstrap._gcd_import(name[level:], package, level)
           ^^^^^^^^^^^^^^^^^^^^^^^^^^^^^^^^^^^^^^^^^^^^^^^^^^^^
tests\test_sustainability.py:7: in <module>
    from habitat_genome_compiler.models import CandidateProgram, EnvironmentProfile, MissionSpec
E   ImportError: cannot import name 'EnvironmentProfile' from 'habitat_genome_compiler.models' (C:\Users\kai99\Desktop\pr1\src\habitat_genome_compiler\models.py)
=========================== short test summary info ===========================
ERROR tests/test_metabolism.py
ERROR tests/test_sustainability.py
!!!!!!!!!!!!!!!!!!! Interrupted: 2 errors during collection !!!!!!!!!!!!!!!!!!!
============================== 2 errors in 0.52s ==============================
